[32m[0207 11:24:33 @logger.py:69][0m Argv: DQN.py
[32m[0207 11:24:33 @expreplay.py:65][0m Number of Legal actions: 6
[32m[0207 11:24:34 @common.py:101][0m conv0 input: [None, 84, 84, 4]
[32m[0207 11:24:34 @common.py:109][0m conv0 output: [None, 84, 84, 32]
[32m[0207 11:24:34 @common.py:101][0m pool0 input: [None, 84, 84, 32]
[32m[0207 11:24:34 @common.py:109][0m pool0 output: [None, 42, 42, 32]
[32m[0207 11:24:34 @common.py:101][0m conv1 input: [None, 42, 42, 32]
[32m[0207 11:24:34 @common.py:109][0m conv1 output: [None, 42, 42, 32]
[32m[0207 11:24:34 @common.py:101][0m pool1 input: [None, 42, 42, 32]
[32m[0207 11:24:34 @common.py:109][0m pool1 output: [None, 21, 21, 32]
[32m[0207 11:24:34 @common.py:101][0m conv2 input: [None, 21, 21, 32]
[32m[0207 11:24:34 @common.py:109][0m conv2 output: [None, 21, 21, 64]
[32m[0207 11:24:34 @common.py:101][0m pool2 input: [None, 21, 21, 64]
[32m[0207 11:24:34 @common.py:109][0m pool2 output: [None, 10, 10, 64]
[32m[0207 11:24:34 @common.py:101][0m conv3 input: [None, 10, 10, 64]
[32m[0207 11:24:34 @common.py:109][0m conv3 output: [None, 10, 10, 64]
[32m[0207 11:24:34 @common.py:101][0m fc0 input: [None, 10, 10, 64]
[32m[0207 11:24:34 @common.py:109][0m fc0 output: [None, 512]
[32m[0207 11:24:34 @common.py:101][0m fct input: [None, 512]
[32m[0207 11:24:34 @common.py:109][0m fct output: [None, 6]
[32m[0207 11:24:34 @common.py:101][0m target/conv0 input: [None, 84, 84, 4]
[32m[0207 11:24:34 @common.py:109][0m target/conv0 output: [None, 84, 84, 32]
[32m[0207 11:24:34 @common.py:101][0m target/pool0 input: [None, 84, 84, 32]
[32m[0207 11:24:34 @common.py:109][0m target/pool0 output: [None, 42, 42, 32]
[32m[0207 11:24:34 @common.py:101][0m target/conv1 input: [None, 42, 42, 32]
[32m[0207 11:24:34 @common.py:109][0m target/conv1 output: [None, 42, 42, 32]
[32m[0207 11:24:34 @common.py:101][0m target/pool1 input: [None, 42, 42, 32]
[32m[0207 11:24:34 @common.py:109][0m target/pool1 output: [None, 21, 21, 32]
[32m[0207 11:24:34 @common.py:101][0m target/conv2 input: [None, 21, 21, 32]
[32m[0207 11:24:34 @common.py:109][0m target/conv2 output: [None, 21, 21, 64]
[32m[0207 11:24:34 @common.py:101][0m target/pool2 input: [None, 21, 21, 64]
[32m[0207 11:24:34 @common.py:109][0m target/pool2 output: [None, 10, 10, 64]
[32m[0207 11:24:34 @common.py:101][0m target/conv3 input: [None, 10, 10, 64]
[32m[0207 11:24:34 @common.py:109][0m target/conv3 output: [None, 10, 10, 64]
[32m[0207 11:24:34 @common.py:101][0m target/fc0 input: [None, 10, 10, 64]
[32m[0207 11:24:34 @common.py:109][0m target/fc0 output: [None, 512]
[32m[0207 11:24:34 @common.py:101][0m target/fct input: [None, 512]
[32m[0207 11:24:35 @common.py:109][0m target/fct output: [None, 6]
[32m[0207 11:24:35 @gradproc.py:30][0m [5m[31mWRN[0m No Gradient w.r.t target/conv0/W
[32m[0207 11:24:35 @gradproc.py:30][0m [5m[31mWRN[0m No Gradient w.r.t target/conv0/b
[32m[0207 11:24:35 @gradproc.py:30][0m [5m[31mWRN[0m No Gradient w.r.t target/conv0/alpha
[32m[0207 11:24:35 @gradproc.py:30][0m [5m[31mWRN[0m No Gradient w.r.t target/conv1/W
[32m[0207 11:24:35 @gradproc.py:30][0m [5m[31mWRN[0m No Gradient w.r.t target/conv1/b
[32m[0207 11:24:35 @gradproc.py:30][0m [5m[31mWRN[0m No Gradient w.r.t target/conv1/alpha
[32m[0207 11:24:35 @gradproc.py:30][0m [5m[31mWRN[0m No Gradient w.r.t target/conv2/W
[32m[0207 11:24:35 @gradproc.py:30][0m [5m[31mWRN[0m No Gradient w.r.t target/conv2/b
[32m[0207 11:24:35 @gradproc.py:30][0m [5m[31mWRN[0m No Gradient w.r.t target/conv2/alpha
[32m[0207 11:24:35 @gradproc.py:30][0m [5m[31mWRN[0m No Gradient w.r.t target/conv3/W
[32m[0207 11:24:35 @gradproc.py:30][0m [5m[31mWRN[0m No Gradient w.r.t target/conv3/b
[32m[0207 11:24:35 @gradproc.py:30][0m [5m[31mWRN[0m No Gradient w.r.t target/conv3/alpha
[32m[0207 11:24:35 @gradproc.py:30][0m [5m[31mWRN[0m No Gradient w.r.t target/fc0/W
[32m[0207 11:24:35 @gradproc.py:30][0m [5m[31mWRN[0m No Gradient w.r.t target/fc0/b
[32m[0207 11:24:35 @gradproc.py:30][0m [5m[31mWRN[0m No Gradient w.r.t target/fct/W
[32m[0207 11:24:35 @gradproc.py:30][0m [5m[31mWRN[0m No Gradient w.r.t target/fct/b
[32m[0207 11:24:35 @modelutils.py:30][0m [36mModel Parameters: [0m
conv0/W:0: shape=[5, 5, 4, 32], dim=3200
conv0/b:0: shape=[32], dim=32
conv0/alpha:0: shape=[], dim=1
conv1/W:0: shape=[5, 5, 32, 32], dim=25600
conv1/b:0: shape=[32], dim=32
conv1/alpha:0: shape=[], dim=1
conv2/W:0: shape=[4, 4, 32, 64], dim=32768
conv2/b:0: shape=[64], dim=64
conv2/alpha:0: shape=[], dim=1
conv3/W:0: shape=[3, 3, 64, 64], dim=36864
conv3/b:0: shape=[64], dim=64
conv3/alpha:0: shape=[], dim=1
fc0/W:0: shape=[6400, 512], dim=3276800
fc0/b:0: shape=[512], dim=512
fct/W:0: shape=[512, 6], dim=3072
fct/b:0: shape=[6], dim=6
target/conv0/W:0: shape=[5, 5, 4, 32], dim=3200
target/conv0/b:0: shape=[32], dim=32
target/conv0/alpha:0: shape=[], dim=1
target/conv1/W:0: shape=[5, 5, 32, 32], dim=25600
target/conv1/b:0: shape=[32], dim=32
target/conv1/alpha:0: shape=[], dim=1
target/conv2/W:0: shape=[4, 4, 32, 64], dim=32768
target/conv2/b:0: shape=[64], dim=64
target/conv2/alpha:0: shape=[], dim=1
target/conv3/W:0: shape=[3, 3, 64, 64], dim=36864
target/conv3/b:0: shape=[64], dim=64
target/conv3/alpha:0: shape=[], dim=1
target/fc0/W:0: shape=[6400, 512], dim=3276800
target/fc0/b:0: shape=[512], dim=512
target/fct/W:0: shape=[512, 6], dim=3072
target/fct/b:0: shape=[6], dim=6
[36mTotal #param=6758036 (25.78 MB assuming all float32)[0m
[32m[0207 11:24:35 @base.py:134][0m Setup callbacks ...
[32m[0207 11:24:36 @DQN.py:146][0m target/conv0/W <- conv0/W
[32m[0207 11:24:36 @DQN.py:146][0m target/conv0/b <- conv0/b
[32m[0207 11:24:36 @DQN.py:146][0m target/conv0/alpha <- conv0/alpha
[32m[0207 11:24:36 @DQN.py:146][0m target/conv1/W <- conv1/W
[32m[0207 11:24:36 @DQN.py:146][0m target/conv1/b <- conv1/b
[32m[0207 11:24:36 @DQN.py:146][0m target/conv1/alpha <- conv1/alpha
[32m[0207 11:24:36 @DQN.py:146][0m target/conv2/W <- conv2/W
[32m[0207 11:24:36 @DQN.py:146][0m target/conv2/b <- conv2/b
[32m[0207 11:24:36 @DQN.py:146][0m target/conv2/alpha <- conv2/alpha
[32m[0207 11:24:36 @DQN.py:146][0m target/conv3/W <- conv3/W
[32m[0207 11:24:36 @DQN.py:146][0m target/conv3/b <- conv3/b
[32m[0207 11:24:36 @DQN.py:146][0m target/conv3/alpha <- conv3/alpha
[32m[0207 11:24:36 @DQN.py:146][0m target/fc0/W <- fc0/W
[32m[0207 11:24:36 @DQN.py:146][0m target/fc0/b <- fc0/b
[32m[0207 11:24:36 @DQN.py:146][0m target/fct/W <- fct/W
[32m[0207 11:24:36 @DQN.py:146][0m target/fct/b <- fct/b
[32m[0207 11:24:36 @base.py:157][0m Building prediction graph for towerid=0 with prefix='' ...
[32m[0207 11:24:38 @base.py:143][0m Initializing graph variables ...
[32m[0207 11:24:39 @expreplay.py:72][0m Populating replay memory...
